#
# A fatal error has been detected by the Java Runtime Environment:
#
#  EXCEPTION_ACCESS_VIOLATION (0xc0000005) at pc=0x00007ffedef1ef20, pid=16396, tid=0x00000000000027ac
#
# JRE version: Java(TM) SE Runtime Environment (8.0_111-b14) (build 1.8.0_111-b14)
# Java VM: Java HotSpot(TM) 64-Bit Server VM (25.111-b14 mixed mode windows-amd64 compressed oops)
# Problematic frame:
# C  [glfw.dll+0xef20]
#
# Failed to write core dump. Minidumps are not enabled by default on client versions of Windows
#
# If you would like to submit a bug report, please visit:
#   http://bugreport.java.com/bugreport/crash.jsp
# The crash happened outside the Java Virtual Machine in native code.
# See problematic frame for where to report the bug.
#

---------------  T H R E A D  ---------------

Current thread (0x0000000003322800):  JavaThread "main" [_thread_in_native, id=10156, stack(0x0000000003220000,0x0000000003320000)]

siginfo: ExceptionCode=0xc0000005, reading address 0x0000000000033009

Registers:
RAX=0x00007ffede541380, RBX=0x0000000000000000, RCX=0x0000000000033001, RDX=0x000000000331f0a0
RSP=0x000000000331efd8, RBP=0x000000000331f090, RSI=0x00000000176a8e98, RDI=0x0000000000033001
R8 =0x0000000000033001, R9 =0x00007ffedef131d0, R10=0x0000000003437f48, R11=0x000000006efbb580
R12=0x0000000000000000, R13=0x0000000017ace338, R14=0x000000000331f0c8, R15=0x0000000003322800
RIP=0x00007ffedef1ef20, EFLAGS=0x0000000000010246

Top of Stack: (sp=0x000000000331efd8)
0x000000000331efd8:   00007ffedef13253 0000000000000052
0x000000000331efe8:   00000000000002f8 0000000000000005
0x000000000331eff8:   000000006eebf101 00000000000001d0
0x000000000331f008:   0000000003437f74 0000000017ace338
0x000000000331f018:   00000000176a8e98 0000000017aaaec0
0x000000000331f028:   0000000003322800 0000005200000019
0x000000000331f038:   0000000017aaaec0 0000000003322800
0x000000000331f048:   0000000017b07190 000000000331f050
0x000000000331f058:   0000000000000000 000000000331f0c8
0x000000000331f068:   0000000017afc980 0000000000000000
0x000000000331f078:   0000000017ace338 0000000000000000
0x000000000331f088:   000000000331f0b0 000000000331f110
0x000000000331f098:   000000000342835d 00000000d64b99a8
0x000000000331f0a8:   00000000034319d8 00007ffedef131d0
0x000000000331f0b8:   0000000003427e70 0000000000033001
0x000000000331f0c8:   0000000000000001 000000000331f0d0 

Instructions: (pc=0x00007ffedef1ef20)
0x00007ffedef1ef00:   00 00 48 8b 5c 24 30 b8 01 00 00 00 48 8b 74 24
0x00007ffedef1ef10:   38 48 83 c4 20 5f c3 cc cc cc cc cc cc cc cc cc
0x00007ffedef1ef20:   48 8b 49 08 48 85 c9 74 07 48 ff 25 d8 c3 01 00
0x00007ffedef1ef30:   c3 cc cc cc cc cc cc cc cc cc cc cc cc cc cc cc 


Register to memory mapping:

RAX=0x00007ffede541380 is an unknown value
RBX=0x0000000000000000 is an unknown value
RCX=0x0000000000033001 is an unknown value
RDX=0x000000000331f0a0 is pointing into the stack for thread: 0x0000000003322800
RSP=0x000000000331efd8 is pointing into the stack for thread: 0x0000000003322800
RBP=0x000000000331f090 is pointing into the stack for thread: 0x0000000003322800
RSI={method} {0x00000000176a8ea0} 'afterNodeInsertion' '(Z)V' in 'java/util/HashMap'
RDI=0x0000000000033001 is an unknown value
R8 =0x0000000000033001 is an unknown value
R9 =0x00007ffedef131d0 is an unknown value
R10=0x0000000003437f48 is at code_begin+840 in an Interpreter codelet
method entry point (kind = native)  [0x0000000003437c00, 0x0000000003438560]  2400 bytes
R11=0x000000006efbb580 is an unknown value
R12=0x0000000000000000 is an unknown value
R13={method} {0x0000000017ace340} 'invokePV' '(JJ)V' in 'org/lwjgl/system/JNI'
R14=0x000000000331f0c8 is pointing into the stack for thread: 0x0000000003322800
R15=0x0000000003322800 is a thread


Stack: [0x0000000003220000,0x0000000003320000],  sp=0x000000000331efd8,  free space=1019k
Native frames: (J=compiled Java code, j=interpreted, Vv=VM code, C=native code)
C  [glfw.dll+0xef20]

Java frames: (J=compiled Java code, j=interpreted, Vv=VM code)
j  org.lwjgl.system.JNI.invokePV(JJ)V+0
j  org.lwjgl.glfw.GLFW.glfwDestroyCursor(J)V+17
j  Engine.rendering.Window.createCallbacks()V+50
j  Engine.rendering.Window.create()V+223
j  Engine.MainClass.main([Ljava/lang/String;)V+15
v  ~StubRoutines::call_stub

---------------  P R O C E S S  ---------------

Java Threads: ( => current thread )
  0x00000000198e2800 JavaThread "Service Thread" daemon [_thread_blocked, id=2368, stack(0x0000000019cb0000,0x0000000019db0000)]
  0x0000000017f9c000 JavaThread "C1 CompilerThread2" daemon [_thread_blocked, id=11476, stack(0x00000000197b0000,0x00000000198b0000)]
  0x0000000017f64800 JavaThread "C2 CompilerThread1" daemon [_thread_blocked, id=9096, stack(0x00000000196b0000,0x00000000197b0000)]
  0x0000000017f5f000 JavaThread "C2 CompilerThread0" daemon [_thread_blocked, id=12788, stack(0x00000000195b0000,0x00000000196b0000)]
  0x0000000017f5d800 JavaThread "Attach Listener" daemon [_thread_blocked, id=13832, stack(0x00000000194b0000,0x00000000195b0000)]
  0x0000000017f5c800 JavaThread "Signal Dispatcher" daemon [_thread_blocked, id=17648, stack(0x00000000193b0000,0x00000000194b0000)]
  0x000000000341b800 JavaThread "Finalizer" daemon [_thread_blocked, id=12708, stack(0x00000000191b0000,0x00000000192b0000)]
  0x0000000003410000 JavaThread "Reference Handler" daemon [_thread_blocked, id=6936, stack(0x00000000190b0000,0x00000000191b0000)]
=>0x0000000003322800 JavaThread "main" [_thread_in_native, id=10156, stack(0x0000000003220000,0x0000000003320000)]

Other Threads:
  0x0000000017f27800 VMThread [stack: 0x0000000018fb0000,0x00000000190b0000] [id=8588]
  0x00000000198ee000 WatcherThread [stack: 0x0000000019db0000,0x0000000019eb0000] [id=2164]

VM state:not at safepoint (normal execution)

VM Mutex/Monitor currently owned by a thread: None

Heap:
 PSYoungGen      total 38400K, used 7339K [0x00000000d5e00000, 0x00000000d8880000, 0x0000000100000000)
  eden space 33280K, 22% used [0x00000000d5e00000,0x00000000d652ac00,0x00000000d7e80000)
  from space 5120K, 0% used [0x00000000d8380000,0x00000000d8380000,0x00000000d8880000)
  to   space 5120K, 0% used [0x00000000d7e80000,0x00000000d7e80000,0x00000000d8380000)
 ParOldGen       total 87552K, used 0K [0x0000000081a00000, 0x0000000086f80000, 0x00000000d5e00000)
  object space 87552K, 0% used [0x0000000081a00000,0x0000000081a00000,0x0000000086f80000)
 Metaspace       used 5962K, capacity 6168K, committed 6400K, reserved 1056768K
  class space    used 647K, capacity 724K, committed 768K, reserved 1048576K

Card table byte_map: [0x00000000127e0000,0x0000000012be0000] byte_map_base: 0x00000000123d3000

Marking Bits: (ParMarkBitMap*) 0x000000006f5aa6c0
 Begin Bits: [0x0000000013290000, 0x0000000015228000)
 End Bits:   [0x0000000015228000, 0x00000000171c0000)

Polling page: 0x0000000003190000

CodeCache: size=245760Kb used=2403Kb max_used=2403Kb free=243356Kb
 bounds [0x0000000003420000, 0x0000000003690000, 0x0000000012420000]
 total_blobs=1303 nmethods=476 adapters=740
 compilation: enabled

Compilation events (10 events):
Event: 0.381 Thread 0x0000000017f9c000 nmethod 472 0x0000000003673750 code [0x00000000036738a0, 0x0000000003673a30]
Event: 0.381 Thread 0x0000000017f9c000  473       3       java.lang.invoke.InvokerBytecodeGenerator::emitPushArguments (7 bytes)
Event: 0.382 Thread 0x0000000017f9c000 nmethod 473 0x0000000003676b10 code [0x0000000003676cc0, 0x0000000003677338]
Event: 0.382 Thread 0x0000000017f9c000  474       3       java.lang.ref.Finalizer::register (10 bytes)
Event: 0.382 Thread 0x0000000017f9c000 nmethod 474 0x0000000003672fd0 code [0x0000000003673160, 0x0000000003673588]
Event: 0.382 Thread 0x0000000017f9c000  475       3       java.lang.ref.Finalizer::<init> (23 bytes)
Event: 0.382 Thread 0x0000000017f9c000 nmethod 475 0x00000000036764d0 code [0x0000000003676660, 0x00000000036769c8]
Event: 0.382 Thread 0x0000000017f9c000  476       3       java.lang.invoke.MethodType::toMethodDescriptorString (21 bytes)
Event: 0.383 Thread 0x0000000017f9c000 nmethod 476 0x0000000003677d50 code [0x0000000003677f60, 0x0000000003678a58]
Event: 0.383 Thread 0x0000000017f9c000  477       3       java.lang.invoke.LambdaForm$Name::lastUseIndex (36 bytes)

GC Heap History (0 events):
No events

Deoptimization events (0 events):
No events

Internal exceptions (10 events):
Event: 0.252 Thread 0x0000000003322800 Exception <a 'java/security/PrivilegedActionException'> (0x00000000d637ae28) thrown at [C:\re\workspace\8-2-build-windows-amd64-cygwin\jdk8u111\7883\hotspot\src\share\vm\prims\jvm.cpp, line 1386]
Event: 0.252 Thread 0x0000000003322800 Exception <a 'java/security/PrivilegedActionException'> (0x00000000d637b038) thrown at [C:\re\workspace\8-2-build-windows-amd64-cygwin\jdk8u111\7883\hotspot\src\share\vm\prims\jvm.cpp, line 1386]
Event: 0.252 Thread 0x0000000003322800 Exception <a 'java/security/PrivilegedActionException'> (0x00000000d637d280) thrown at [C:\re\workspace\8-2-build-windows-amd64-cygwin\jdk8u111\7883\hotspot\src\share\vm\prims\jvm.cpp, line 1386]
Event: 0.252 Thread 0x0000000003322800 Exception <a 'java/security/PrivilegedActionException'> (0x00000000d637d490) thrown at [C:\re\workspace\8-2-build-windows-amd64-cygwin\jdk8u111\7883\hotspot\src\share\vm\prims\jvm.cpp, line 1386]
Event: 0.252 Thread 0x0000000003322800 Exception <a 'java/security/PrivilegedActionException'> (0x00000000d637f6d8) thrown at [C:\re\workspace\8-2-build-windows-amd64-cygwin\jdk8u111\7883\hotspot\src\share\vm\prims\jvm.cpp, line 1386]
Event: 0.252 Thread 0x0000000003322800 Exception <a 'java/security/PrivilegedActionException'> (0x00000000d637f8e8) thrown at [C:\re\workspace\8-2-build-windows-amd64-cygwin\jdk8u111\7883\hotspot\src\share\vm\prims\jvm.cpp, line 1386]
Event: 0.252 Thread 0x0000000003322800 Exception <a 'java/security/PrivilegedActionException'> (0x00000000d6381a58) thrown at [C:\re\workspace\8-2-build-windows-amd64-cygwin\jdk8u111\7883\hotspot\src\share\vm\prims\jvm.cpp, line 1386]
Event: 0.252 Thread 0x0000000003322800 Exception <a 'java/security/PrivilegedActionException'> (0x00000000d6381c68) thrown at [C:\re\workspace\8-2-build-windows-amd64-cygwin\jdk8u111\7883\hotspot\src\share\vm\prims\jvm.cpp, line 1386]
Event: 0.269 Thread 0x0000000003322800 Exception <a 'sun/nio/fs/WindowsException'> (0x00000000d645c248) thrown at [C:\re\workspace\8-2-build-windows-amd64-cygwin\jdk8u111\7883\hotspot\src\share\vm\prims\jni.cpp, line 709]
Event: 0.269 Thread 0x0000000003322800 Exception <a 'sun/nio/fs/WindowsException'> (0x00000000d645c9a0) thrown at [C:\re\workspace\8-2-build-windows-amd64-cygwin\jdk8u111\7883\hotspot\src\share\vm\prims\jni.cpp, line 709]

Events (10 events):
Event: 0.379 loading class Engine/input/Keyboard$1
Event: 0.379 loading class Engine/input/Keyboard$1 done
Event: 0.380 loading class org/lwjgl/glfw/GLFWKeyCallback$Container
Event: 0.380 loading class org/lwjgl/glfw/GLFWKeyCallback$Container done
Event: 0.381 loading class java/lang/invoke/DirectMethodHandle$Special
Event: 0.381 loading class java/lang/invoke/DirectMethodHandle$Special done
Event: 0.381 loading class Engine/rendering/Window
Event: 0.381 loading class Engine/rendering/Window done
Event: 0.381 loading class Engine/input/KeyListener
Event: 0.381 loading class Engine/input/KeyListener done


Dynamic libraries:
0x00007ff7f7880000 - 0x00007ff7f78b7000 	C:\Program Files\Java\jdk1.8.0_111\bin\java.exe
0x00007fff08d70000 - 0x00007fff08f65000 	C:\WINDOWS\SYSTEM32\ntdll.dll
0x00007fff084f0000 - 0x00007fff085ae000 	C:\WINDOWS\System32\KERNEL32.DLL
0x00007fff06530000 - 0x00007fff067f9000 	C:\WINDOWS\System32\KERNELBASE.dll
0x00007fff07d30000 - 0x00007fff07ddc000 	C:\WINDOWS\System32\ADVAPI32.dll
0x00007fff06dc0000 - 0x00007fff06e5e000 	C:\WINDOWS\System32\msvcrt.dll
0x00007fff085b0000 - 0x00007fff0864b000 	C:\WINDOWS\System32\sechost.dll
0x00007fff08360000 - 0x00007fff0848a000 	C:\WINDOWS\System32\RPCRT4.dll
0x00007fff086f0000 - 0x00007fff08891000 	C:\WINDOWS\System32\USER32.dll
0x00007fff069b0000 - 0x00007fff069d2000 	C:\WINDOWS\System32\win32u.dll
0x00007fff06f60000 - 0x00007fff06f8b000 	C:\WINDOWS\System32\GDI32.dll
0x00007fff06b90000 - 0x00007fff06c9b000 	C:\WINDOWS\System32\gdi32full.dll
0x00007fff06490000 - 0x00007fff0652d000 	C:\WINDOWS\System32\msvcp_win.dll
0x00007fff06a90000 - 0x00007fff06b90000 	C:\WINDOWS\System32\ucrtbase.dll
0x00007ffef34b0000 - 0x00007ffef374a000 	C:\WINDOWS\WinSxS\amd64_microsoft.windows.common-controls_6595b64144ccf1df_6.0.19041.1110_none_60b5254171f9507e\COMCTL32.dll
0x00007fff08650000 - 0x00007fff08680000 	C:\WINDOWS\System32\IMM32.DLL
0x00007fff02ca0000 - 0x00007fff02d05000 	C:\Program Files (x86)\Impero Solutions Ltd\Impero Client\x64\ImperoInj64.dll
0x00007fff08680000 - 0x00007fff086eb000 	C:\WINDOWS\System32\WS2_32.dll
0x00007ffee8ac0000 - 0x00007ffee8b4f000 	C:\WINDOWS\SYSTEM32\WINSPOOL.DRV
0x00007fff050e0000 - 0x00007fff05113000 	C:\WINDOWS\SYSTEM32\ntmarta.dll
0x000000006f630000 - 0x000000006f702000 	C:\Program Files\Java\jdk1.8.0_111\jre\bin\msvcr100.dll
0x000000006ed90000 - 0x000000006f62a000 	C:\Program Files\Java\jdk1.8.0_111\jre\bin\server\jvm.dll
0x00007fff07b70000 - 0x00007fff07b78000 	C:\WINDOWS\System32\PSAPI.DLL
0x00007ffef9920000 - 0x00007ffef9947000 	C:\WINDOWS\SYSTEM32\WINMM.dll
0x00007ffeffe90000 - 0x00007ffeffe99000 	C:\WINDOWS\SYSTEM32\WSOCK32.dll
0x00007ffefcd80000 - 0x00007ffefcd8a000 	C:\WINDOWS\SYSTEM32\VERSION.dll
0x000000006ed80000 - 0x000000006ed8f000 	C:\Program Files\Java\jdk1.8.0_111\jre\bin\verify.dll
0x000000006ed50000 - 0x000000006ed79000 	C:\Program Files\Java\jdk1.8.0_111\jre\bin\java.dll
0x000000006ed30000 - 0x000000006ed46000 	C:\Program Files\Java\jdk1.8.0_111\jre\bin\zip.dll
0x00007fff07430000 - 0x00007fff07b6f000 	C:\WINDOWS\System32\SHELL32.dll
0x00007fff045b0000 - 0x00007fff04d40000 	C:\WINDOWS\SYSTEM32\windows.storage.dll
0x00007fff089d0000 - 0x00007fff08d25000 	C:\WINDOWS\System32\combase.dll
0x00007fff05e70000 - 0x00007fff05e9c000 	C:\WINDOWS\SYSTEM32\Wldp.dll
0x00007fff070c0000 - 0x00007fff0716e000 	C:\WINDOWS\System32\SHCORE.dll
0x00007fff08490000 - 0x00007fff084e5000 	C:\WINDOWS\System32\shlwapi.dll
0x00007fff063d0000 - 0x00007fff063ef000 	C:\WINDOWS\SYSTEM32\profapi.dll
0x000000006ed10000 - 0x000000006ed2a000 	C:\Program Files\Java\jdk1.8.0_111\jre\bin\net.dll
0x00007fff05b70000 - 0x00007fff05bda000 	C:\WINDOWS\system32\mswsock.dll
0x000000006ecf0000 - 0x000000006ed01000 	C:\Program Files\Java\jdk1.8.0_111\jre\bin\nio.dll
0x00007ffede540000 - 0x00007ffede5b5000 	C:\Users\Goad.Samuel24\AppData\Local\Temp\lwjglgoad.samuel24\3.3.1-build-7\lwjgl.dll
0x00007ffedef10000 - 0x00007ffedef71000 	C:\Users\GOAD~1.SAM\AppData\Local\Temp\lwjglgoad.samuel24\3.3.1-build-7\glfw.dll
0x00007ffee62a0000 - 0x00007ffee62e5000 	C:\WINDOWS\SYSTEM32\dinput8.dll
0x00007fff00560000 - 0x00007fff00571000 	C:\WINDOWS\SYSTEM32\xinput1_4.dll
0x00007fff06230000 - 0x00007fff06264000 	C:\WINDOWS\SYSTEM32\DEVOBJ.dll
0x000000001a7c0000 - 0x000000001a80e000 	C:\WINDOWS\System32\cfgmgr32.dll
0x00007fff040c0000 - 0x00007fff040ef000 	C:\WINDOWS\SYSTEM32\dwmapi.dll
0x00007ffefd350000 - 0x00007ffefd4a2000 	C:\WINDOWS\SYSTEM32\inputhost.dll
0x00007fff072e0000 - 0x00007fff073ad000 	C:\WINDOWS\System32\OLEAUT32.dll
0x00007fff038a0000 - 0x00007fff03992000 	C:\WINDOWS\SYSTEM32\CoreMessaging.dll
0x00007fff014d0000 - 0x00007fff015c6000 	C:\WINDOWS\SYSTEM32\PROPSYS.dll
0x00007fff021e0000 - 0x00007fff02334000 	C:\WINDOWS\SYSTEM32\wintypes.dll
0x00007fff06d30000 - 0x00007fff06db3000 	C:\WINDOWS\System32\bcryptPrimitives.dll
0x00007fff03540000 - 0x00007fff0389e000 	C:\WINDOWS\SYSTEM32\CoreUIComponents.dll
0x00007fff043b0000 - 0x00007fff043c2000 	C:\WINDOWS\SYSTEM32\kernel.appcore.dll
0x00007fff039a0000 - 0x00007fff03a3e000 	C:\WINDOWS\system32\uxtheme.dll
0x000000001b330000 - 0x000000001b445000 	C:\WINDOWS\System32\MSCTF.dll
0x00007ffeebbb0000 - 0x00007ffeebcd5000 	C:\WINDOWS\SYSTEM32\opengl32.dll
0x00007ffefb7f0000 - 0x00007ffefb81c000 	C:\WINDOWS\SYSTEM32\GLU32.dll
0x00007fff07170000 - 0x00007fff07219000 	C:\WINDOWS\System32\clbcatq.dll
0x00007ffed0550000 - 0x00007ffed1515000 	C:\WINDOWS\System32\DriverStore\FileRepository\iigd_dch.inf_amd64_a086f01cc7be643a\ig9icd64.dll
0x000000001b640000 - 0x000000001b76a000 	C:\WINDOWS\System32\ole32.dll
0x00007fff04e50000 - 0x00007fff04f44000 	C:\WINDOWS\system32\dxgi.dll
0x00007ffefafb0000 - 0x00007ffefb1ef000 	C:\WINDOWS\System32\DriverStore\FileRepository\iigd_dch.inf_amd64_a086f01cc7be643a\igdgmm64.dll
0x00007ffed27a0000 - 0x00007ffed5402000 	C:\WINDOWS\System32\DriverStore\FileRepository\iigd_dch.inf_amd64_a086f01cc7be643a\igc64.dll
0x00007fff06040000 - 0x00007fff0608b000 	C:\WINDOWS\SYSTEM32\powrprof.dll
0x00007fff06000000 - 0x00007fff06012000 	C:\WINDOWS\SYSTEM32\UMPDC.dll
0x00007ffedeff0000 - 0x00007ffedf405000 	C:\WINDOWS\System32\DriverStore\FileRepository\iigd_dch.inf_amd64_a086f01cc7be643a\igdml64.dll
0x00007ffefeb30000 - 0x00007ffefec29000 	C:\WINDOWS\SYSTEM32\textinputframework.dll
0x00007ffef19f0000 - 0x00007ffef1bd4000 	C:\WINDOWS\SYSTEM32\dbghelp.dll

VM Arguments:
jvm_args: -Dfile.encoding=windows-1252 -Duser.country=US -Duser.language=en -Duser.variant 
java_command: Engine.MainClass
java_class_path (initial): C:\Users\Goad.Samuel24\IdeaProjects\EndOfYearProject\build\classes\java\main;C:\Users\Goad.Samuel24\IdeaProjects\EndOfYearProject\build\resources\main;C:\Users\Goad.Samuel24\.gradle\caches\modules-2\files-2.1\org.lwjgl\lwjgl-assimp\3.3.1\312072f451794f25670aebb0160ce6ec88aff842\lwjgl-assimp-3.3.1.jar;C:\Users\Goad.Samuel24\.gradle\caches\modules-2\files-2.1\org.lwjgl\lwjgl-assimp\3.3.1\bfa2a0d57acbf952b716d0ad8a3acbd7ad9f5639\lwjgl-assimp-3.3.1-natives-windows.jar;C:\Users\Goad.Samuel24\.gradle\caches\modules-2\files-2.1\org.lwjgl\lwjgl-glfw\3.3.1\cbac1b8d30cb4795149c1ef540f912671a8616d0\lwjgl-glfw-3.3.1.jar;C:\Users\Goad.Samuel24\.gradle\caches\modules-2\files-2.1\org.lwjgl\lwjgl-glfw\3.3.1\ed892f945cf7e79c8756796f32d00fa4ceaf573b\lwjgl-glfw-3.3.1-natives-windows.jar;C:\Users\Goad.Samuel24\.gradle\caches\modules-2\files-2.1\org.lwjgl\lwjgl-openal\3.3.1\2623a6b8ae1dfcd880738656a9f0243d2e6840bd\lwjgl-openal-3.3.1.jar;C:\Users\Goad.Samuel24\.gradle\caches\modules-2\files-2.1\org.lwjgl\lwjgl-openal\3.3.1\30a474d0e57193d7bc128849a3ab66bc9316fdb1\lwjgl-openal-3.3.1-natives-windows.jar;C:\Users\Goad.Samuel24\.gradle\caches\modules-2\files-2.1\org.lwjgl\lwjgl-opengl\3.3.1\831a5533a21a5f4f81bbc51bb13e9899319b5411\lwjgl-opengl-3.3.1.jar;C:\Users\Goad.Samuel24\.gradle\caches\modules-2\files-2.1\org.lwjgl\lwjgl-opengl\3.3.1\c1807e9bd571402787d7e37e3029776ae2513bb8\lwjgl-opengl-3.3.1-natives-windows.jar;C:\Users\Goad.Samuel24\.gradle\caches\modules-2\files-2.1\org.lwjgl\lwjgl-stb\3.3.1\b119297cf8ed01f247abe8685857f8e7fcf5980f\lwjgl-stb-3.3.1.jar;C:\Users\Goad.Samuel24\.gradle\caches\modules-2\files-2.1\org.lwjgl\lwjgl-stb\3.3.1\86315914ac119efdb02dc9e8e978ade84f1702af\lwjgl-stb-3.3.1-natives-windows.jar;C:\Users\Goad.Samuel24\.gradle\caches\modules-2\files-2.1\org.lwjgl\lwjgl\3.3.1\ae58664f88e18a9bb2c77b063833ca7aaec484cb\lwjgl-3.3.1.jar;C:\Users\Goad.Samuel24\.gradle\caches\modules-2\files-2.1\org.lwjgl\lwjgl\3.3.1\36c37f16ab611b3aa11f3bcf80b1d509b
Launcher Type: SUN_STANDARD

Environment Variables:
PATH=C:\ProgramData\Oracle\Java\javapath;C:\WINDOWS\system32;C:\WINDOWS;C:\WINDOWS\System32\Wbem;C:\WINDOWS\System32\WindowsPowerShell\v1.0\;C:\WINDOWS\System32\OpenSSH\;C:\Users\Goad.Samuel24\AppData\Local\Microsoft\WindowsApps;C:\Users\Goad.Samuel24\AppData\Local\JetBrains\IntelliJ IDEA Community Edition 2022.2.3\bin;;C:\Users\Goad.Samuel24\AppData\Local\Programs\Git\cmd
USERNAME=goad.samuel24
OS=Windows_NT
PROCESSOR_IDENTIFIER=Intel64 Family 6 Model 158 Stepping 9, GenuineIntel



---------------  S Y S T E M  ---------------

OS: Windows 10.0 , 64 bit Build 19041 (10.0.19041.1202)

CPU:total 4 (4 cores per cpu, 1 threads per core) family 6 model 158 stepping 9, cmov, cx8, fxsr, mmx, sse, sse2, sse3, ssse3, sse4.1, sse4.2, popcnt, avx, avx2, aes, clmul, erms, rtm, 3dnowpref, lzcnt, tsc, tscinvbit, bmi1, bmi2, adx

Memory: 4k page, physical 8274164k(603336k free), swap 10550020k(1219852k free)

vm_info: Java HotSpot(TM) 64-Bit Server VM (25.111-b14) for windows-amd64 JRE (1.8.0_111-b14), built on Sep 22 2016 19:24:05 by "java_re" with MS VC++ 10.0 (VS2010)

time: Wed Apr 26 12:55:00 2023
elapsed time: 0 seconds (0d 0h 0m 0s)

